Build started 2/25/2015 9:35:20 PM.
     1>Project "d:\School\cs115\AmazingMaze\build_amazingmaze_vc12\AmazingMaze_vc12.vcxproj" on node 2 (Build target(s)).
     1>ClCompile:
         C:\Marmalade\7.5\s3e\bin\CL.exe /c /Ic:/marmalade/7.5/modules/iwutil/h /Ic:/marmalade/7.5/modules/third_party/libjpeg/h /Ic:/marmalade/7.5/modules/third_party/zlib/h /Ic:/marmalade/7.5/modules/third_party/libpng/h /Ic:/marmalade/7.5/modules/iw2dscenegraphcore/h /Ic:/marmalade/7.5/modules/iw2dscenegraph/h /Ic:/marmalade/7.5/modules/iw2d/h /Ic:/marmalade/7.5/modules/iwgx/h /Ic:/marmalade/7.5/modules/iwgl/h /Ic:/marmalade/7.5/modules/iwgeom/h /Ic:/marmalade/7.5/modules/iwresmanager/h /Ic:/marmalade/7.5/extensions/pvrtextool/h /Ic:/marmalade/7.5/modules/iwgxfont/h /Ic:/marmalade/7.5/modules/third_party/tiniconv/source /Ic:/marmalade/7.5/modules/iwtween/h /Ic:/marmalade/7.5/s3e/h /Ic:/marmalade/7.5/s3e/h/ext /Ic:/marmalade/7.5/s3e/h/std /Ic:/marmalade/7.5/s3e/h/std/c++ /Ic:/marmalade/7.5/s3e/h/ext_legacy /Ic:/marmalade/7.5/s3e/h/legacy /I. /Zi /nologo /W3 /WX- /MP /O2 /Oi /Oy- /X /Gm- /EHsc /MT /GS /Gy /fp:precise /Zc:wchar_t /Zc:forScope /Fo"Release_AmazingMaze_vc12_x86\\" /Fd"Release_AmazingMaze_vc12_x86\vc120.pdb" /Gd /TP /analyze- /errorReport:prompt /S3Eproject /J /FI"d:\School\cs115\AmazingMaze\build_amazingmaze_vc12\temp_defines_release.h" ..\AmazingMaze.cpp ..\MazeDrawer.cpp ..\MazeGenerator.cpp ..\PlayerMovement.cpp ..\menu.cpp
         AmazingMaze.cpp
         MazeDrawer.cpp
         MazeGenerator.cpp
         PlayerMovement.cpp
         menu.cpp
     1>..\MazeDrawer.cpp(40): warning C4244: 'initializing' : conversion from 'int' to 'float', possible loss of data
     1>..\MazeDrawer.cpp(47): warning C4244: 'argument' : conversion from 'int' to 'float', possible loss of data
     1>..\MazeDrawer.cpp(48): warning C4244: 'argument' : conversion from 'int' to 'float', possible loss of data
     1>..\MazeDrawer.cpp(49): warning C4244: 'argument' : conversion from 'int' to 'float', possible loss of data
     1>..\MazeDrawer.cpp(53): warning C4244: 'argument' : conversion from 'int' to 'float', possible loss of data
     1>..\MazeDrawer.cpp(54): warning C4244: 'argument' : conversion from 'int' to 'float', possible loss of data
     1>..\MazeDrawer.cpp(55): warning C4244: 'argument' : conversion from 'int' to 'float', possible loss of data
     1>..\MazeDrawer.cpp(61): warning C4244: 'initializing' : conversion from 'int' to 'float', possible loss of data
     1>..\MazeDrawer.cpp(66): warning C4305: 'initializing' : truncation from 'double' to 'float'
     1>..\MazeDrawer.cpp(67): warning C4305: '=' : truncation from 'double' to 'float'
     1>..\MazeDrawer.cpp(68): warning C4305: '=' : truncation from 'double' to 'float'
     1>..\MazeDrawer.cpp(69): warning C4305: '=' : truncation from 'double' to 'float'
     1>..\MazeDrawer.cpp(70): warning C4305: '=' : truncation from 'double' to 'float'
     1>..\MazeDrawer.cpp(71): warning C4305: '=' : truncation from 'double' to 'float'
     1>..\MazeDrawer.cpp(72): warning C4305: '=' : truncation from 'double' to 'float'
     1>..\MazeDrawer.cpp(73): warning C4305: '=' : truncation from 'double' to 'float'
     1>..\MazeDrawer.cpp(80): warning C4244: 'initializing' : conversion from 'double' to 'float', possible loss of data
     1>..\MazeDrawer.cpp(81): warning C4244: 'initializing' : conversion from 'double' to 'float', possible loss of data
     1>..\MazeDrawer.cpp(82): warning C4244: 'initializing' : conversion from 'double' to 'float', possible loss of data
     1>..\MazeDrawer.cpp(83): warning C4244: 'initializing' : conversion from 'double' to 'float', possible loss of data
     1>..\MazeDrawer.cpp(86): warning C4244: 'argument' : conversion from 'int' to 'float', possible loss of data
     1>..\MazeDrawer.cpp(87): warning C4244: 'argument' : conversion from 'int' to 'float', possible loss of data
     1>..\MazeDrawer.cpp(88): warning C4244: 'argument' : conversion from 'int' to 'float', possible loss of data
     1>..\PlayerMovement.cpp(32): warning C4305: '=' : truncation from 'double' to 'float'
     1>..\PlayerMovement.cpp(33): warning C4305: '=' : truncation from 'double' to 'float'
     1>..\PlayerMovement.cpp(34): warning C4305: '=' : truncation from 'double' to 'float'
     1>..\PlayerMovement.cpp(35): warning C4305: '=' : truncation from 'double' to 'float'
     1>..\PlayerMovement.cpp(36): warning C4305: '=' : truncation from 'double' to 'float'
     1>..\PlayerMovement.cpp(37): warning C4305: '=' : truncation from 'double' to 'float'
     1>..\PlayerMovement.cpp(46): warning C4244: 'initializing' : conversion from 'int' to 'float', possible loss of data
     1>..\PlayerMovement.cpp(53): warning C4244: '=' : conversion from 'double' to 'float', possible loss of data
     1>..\PlayerMovement.cpp(54): warning C4244: '=' : conversion from 'double' to 'float', possible loss of data
     1>..\PlayerMovement.cpp(55): warning C4244: '=' : conversion from 'double' to 'float', possible loss of data
     1>..\PlayerMovement.cpp(56): warning C4244: '=' : conversion from 'double' to 'float', possible loss of data
     1>..\PlayerMovement.cpp(64): warning C4244: 'initializing' : conversion from 'double' to 'int', possible loss of data
     1>..\PlayerMovement.cpp(69): warning C4244: '=' : conversion from 'float' to 'int', possible loss of data
     1>..\PlayerMovement.cpp(84): warning C4244: 'argument' : conversion from 'double' to 'float', possible loss of data
     1>..\PlayerMovement.cpp(110): warning C4244: 'argument' : conversion from 'int' to 'float', possible loss of data
     1>..\PlayerMovement.cpp(111): warning C4244: 'argument' : conversion from 'int' to 'float', possible loss of data
     1>..\PlayerMovement.cpp(116): warning C4244: 'initializing' : conversion from 'double' to 'float', possible loss of data
     1>..\PlayerMovement.cpp(117): warning C4244: '=' : conversion from 'double' to 'float', possible loss of data
     1>..\PlayerMovement.cpp(120): warning C4305: 'initializing' : truncation from 'double' to 'float'
     1>..\PlayerMovement.cpp(121): warning C4305: '=' : truncation from 'double' to 'float'
     1>..\PlayerMovement.cpp(122): warning C4305: '=' : truncation from 'double' to 'float'
     1>..\PlayerMovement.cpp(123): warning C4305: '=' : truncation from 'double' to 'float'
     1>..\PlayerMovement.cpp(124): warning C4305: '=' : truncation from 'double' to 'float'
     1>..\PlayerMovement.cpp(125): warning C4305: '=' : truncation from 'double' to 'float'
     1>..\PlayerMovement.cpp(126): warning C4305: '=' : truncation from 'double' to 'float'
     1>..\PlayerMovement.cpp(127): warning C4305: '=' : truncation from 'double' to 'float'
     1>..\PlayerMovement.cpp(130): warning C4244: 'initializing' : conversion from 'double' to 'float', possible loss of data
     1>..\PlayerMovement.cpp(132): warning C4244: 'initializing' : conversion from 'double' to 'float', possible loss of data
     1>..\PlayerMovement.cpp(140): warning C4244: 'initializing' : conversion from 'double' to 'float', possible loss of data
     1>..\PlayerMovement.cpp(141): warning C4244: '=' : conversion from 'double' to 'float', possible loss of data
     1>..\PlayerMovement.cpp(144): warning C4305: 'initializing' : truncation from 'double' to 'float'
     1>..\PlayerMovement.cpp(145): warning C4305: '=' : truncation from 'double' to 'float'
     1>..\PlayerMovement.cpp(146): warning C4305: '=' : truncation from 'double' to 'float'
     1>..\PlayerMovement.cpp(147): warning C4305: '=' : truncation from 'double' to 'float'
     1>..\PlayerMovement.cpp(148): warning C4305: '=' : truncation from 'double' to 'float'
     1>..\PlayerMovement.cpp(149): warning C4305: '=' : truncation from 'double' to 'float'
     1>..\PlayerMovement.cpp(150): warning C4305: '=' : truncation from 'double' to 'float'
     1>..\PlayerMovement.cpp(151): warning C4305: '=' : truncation from 'double' to 'float'
     1>..\PlayerMovement.cpp(154): warning C4244: 'initializing' : conversion from 'double' to 'float', possible loss of data
     1>..\PlayerMovement.cpp(156): warning C4244: 'initializing' : conversion from 'double' to 'float', possible loss of data
     1>..\MazeGenerator.cpp(50): warning C4244: '=' : conversion from 'int' to 'float', possible loss of data
     1>..\MazeGenerator.cpp(53): warning C4244: '=' : conversion from 'int' to 'float', possible loss of data
     1>..\MazeGenerator.cpp(66): warning C4244: '=' : conversion from 'double' to 'float', possible loss of data
     1>..\MazeGenerator.cpp(69): warning C4244: 'initializing' : conversion from 'float' to 'int', possible loss of data
     1>..\MazeGenerator.cpp(70): warning C4244: 'initializing' : conversion from 'float' to 'int', possible loss of data
     1>..\MazeGenerator.cpp(76): warning C4244: 'initializing' : conversion from 'float' to 'int', possible loss of data
     1>..\MazeGenerator.cpp(77): warning C4244: 'initializing' : conversion from 'float' to 'int', possible loss of data
     1>..\MazeGenerator.cpp(78): warning C4244: 'initializing' : conversion from 'float' to 'int', possible loss of data
     1>..\MazeGenerator.cpp(82): warning C4244: '=' : conversion from 'float' to 'int', possible loss of data
     1>..\MazeGenerator.cpp(89): warning C4244: 'initializing' : conversion from 'int' to 'float', possible loss of data
     1>..\MazeGenerator.cpp(96): warning C4244: 'initializing' : conversion from 'float' to 'int', possible loss of data
     1>..\MazeGenerator.cpp(97): warning C4244: 'initializing' : conversion from 'float' to 'int', possible loss of data
     1>..\MazeGenerator.cpp(98): warning C4244: '=' : conversion from 'int' to 'float', possible loss of data
     1>..\MazeGenerator.cpp(127): warning C4244: '=' : conversion from 'int' to 'float', possible loss of data
     1>..\MazeGenerator.cpp(136): warning C4244: '=' : conversion from 'double' to 'float', possible loss of data
     1>..\MazeGenerator.cpp(138): warning C4244: '=' : conversion from 'double' to 'float', possible loss of data
     1>..\MazeGenerator.cpp(149): warning C4244: '=' : conversion from 'int' to 'float', possible loss of data
     1>..\MazeGenerator.cpp(152): warning C4244: '=' : conversion from 'int' to 'float', possible loss of data
     1>..\MazeGenerator.cpp(175): warning C4244: 'initializing' : conversion from 'double' to 'int', possible loss of data
     1>..\MazeGenerator.cpp(177): warning C4244: 'initializing' : conversion from 'double' to 'int', possible loss of data
     1>..\MazeGenerator.cpp(178): warning C4244: '=' : conversion from 'double' to 'int', possible loss of data
     1>..\MazeGenerator.cpp(181): warning C4244: '=' : conversion from 'int' to 'float', possible loss of data
     1>..\AmazingMaze.cpp(90): warning C4244: 'argument' : conversion from 'double' to 'float', possible loss of data
       Link:
         C:\Marmalade\7.5\s3e\bin\link.exe /ERRORREPORT:PROMPT /OUT:"Release_AmazingMaze_vc12_x86\AmazingMaze.s86" /INCREMENTAL:NO /NOLOGO /LIBPATH:c:/marmalade/7.5/modules/iwutil/lib/x86 /LIBPATH:c:/marmalade/7.5/modules/third_party/libjpeg/lib/x86 /LIBPATH:c:/marmalade/7.5/modules/third_party/zlib/lib/x86 /LIBPATH:c:/marmalade/7.5/modules/third_party/libpng/lib/x86 /LIBPATH:c:/marmalade/7.5/modules/iw2d/lib/x86 /LIBPATH:c:/marmalade/7.5/modules/iwgx/atitools /LIBPATH:c:/marmalade/7.5/modules/iwgx/lib/x86 /LIBPATH:c:/marmalade/7.5/modules/iwgl/lib/x86 /LIBPATH:c:/marmalade/7.5/modules/iwgeom/lib/x86 /LIBPATH:c:/marmalade/7.5/modules/iwresmanager/lib/x86 /LIBPATH:c:/marmalade/7.5/modules/iwgxfont/lib/x86 /LIBPATH:c:/marmalade/7.5/modules/third_party/tiniconv/lib/x86 /LIBPATH:c:/marmalade/7.5/s3e/lib/x86 vc6_compat.lib iwutil.lib jpeg.lib z.lib png.lib iw2d.lib ATI_Compress_MT_VC7.lib iwgx.lib iwgl.lib iwgeom.lib iwresmanager.lib iwgxfont.lib tiniconv.lib s3e_cpp.lib s3e.lib s3e_api_iwgl.lib /NODEFAULTLIB:libcmt /MANIFEST:NO /PDB:"Release_AmazingMaze_vc12_x86\AmazingMaze.pdb" /SUBSYSTEM:WINDOWS /OPT:REF /OPT:ICF /TLBID:1 /ENTRY:"DllEntryPoint" /DYNAMICBASE /NXCOMPAT /IMPLIB:"Release_AmazingMaze_vc12_x86\AmazingMaze.lib" /MACHINE:X86  /include:_IwMain /include:_raise /include:_DllEntryPoint@12 /force:multiple /DLL Release_AmazingMaze_vc12_x86\AmazingMaze.obj
         Release_AmazingMaze_vc12_x86\Iw2DSceneGraph.obj
         Release_AmazingMaze_vc12_x86\Iw2DSceneGraphCore.obj
         Release_AmazingMaze_vc12_x86\IwTween.obj
         Release_AmazingMaze_vc12_x86\MazeDrawer.obj
         Release_AmazingMaze_vc12_x86\MazeGenerator.obj
         Release_AmazingMaze_vc12_x86\PVRTexTool_interface.obj
         Release_AmazingMaze_vc12_x86\PlayerMovement.obj
         Release_AmazingMaze_vc12_x86\menu.obj
     1>LIBCMTD.lib(strtoq.obj) : warning LNK4006: _strtof already defined in s3e.lib(iwcrt_common.obj); second definition ignored
     1>LIBCMTD.lib(sscanf.obj) : warning LNK4006: _vsscanf already defined in s3e.lib(iwcrt_win32.obj); second definition ignored
            Creating library Release_AmazingMaze_vc12_x86\AmazingMaze.lib and object Release_AmazingMaze_vc12_x86\AmazingMaze.exp
     1>Release_AmazingMaze_vc12_x86\AmazingMaze.s86 : warning LNK4088: image being generated due to /FORCE option; image may not run
         AmazingMaze_vc12.vcxproj -> d:\School\cs115\AmazingMaze\build_amazingmaze_vc12\Release_AmazingMaze_vc12_x86\AmazingMaze.s86
       PostBuildEvent:
         echo C:\Marmalade\7.5\s3e\python\python.exe .\process_map.py "d:\School\cs115\AmazingMaze\build_amazingmaze_vc12\Release_AmazingMaze_vc12_x86\AmazingMaze.s86"
         chdir /d "c:\marmalade\7.5\s3e\tools"
         C:\Marmalade\7.5\s3e\python\python.exe .\process_map.py "d:\School\cs115\AmazingMaze\build_amazingmaze_vc12\Release_AmazingMaze_vc12_x86\AmazingMaze.s86"
         echo "s3e_plink" -l "d:\School\cs115\AmazingMaze\build_amazingmaze_vc12\Release_AmazingMaze_vc12_x86\AmazingMaze.s86" 
         chdir /d "c:\marmalade\7.5\s3e\bin"
         "s3e_plink" -l "d:\School\cs115\AmazingMaze\build_amazingmaze_vc12\Release_AmazingMaze_vc12_x86\AmazingMaze.s86" 
         
         :VCEnd
         C:\Marmalade\7.5\s3e\python\python.exe .\process_map.py "d:\School\cs115\AmazingMaze\build_amazingmaze_vc12\Release_AmazingMaze_vc12_x86\AmazingMaze.s86"
         "s3e_plink" -l "d:\School\cs115\AmazingMaze\build_amazingmaze_vc12\Release_AmazingMaze_vc12_x86\AmazingMaze.s86" 
     1>Done Building Project "d:\School\cs115\AmazingMaze\build_amazingmaze_vc12\AmazingMaze_vc12.vcxproj" (Build target(s)).

Build succeeded.

Time Elapsed 00:00:01.19
