1>------ Build started: Project: AmazingMaze_vc12, Configuration: GCC ARM Release Win32 ------
1>  Performing Custom Build Tools
1>  msg: option 'default-buildenv' overridden by command line
1>  C:\Marmalade\7.5\s3e\makefile_builder\mkb.py d:/School/cs115/AmazingMaze/AmazingMaze.mkb --buildenv=VC12 --default-buildenv=vc12 --msvc-project
1>  Building project: d:/School/cs115/AmazingMaze/AmazingMaze.mkb
1>  Visual studio files updated (dsp).
1>  -
1>CUSTOMBUILD : Deliberate error : please reload now.
1>  
1>  done
========== Build: 0 succeeded, 1 failed, 0 up-to-date, 0 skipped ==========

1>------ Build started: Project: AmazingMaze_vc12, Configuration: GCC ARM Release Win32 ------
1>  Performing Custom Build Tools
1>  msg: option 'default-buildenv' overridden by command line
1>  C:\Marmalade\7.5\s3e\makefile_builder\mkb.py d:/School/cs115/AmazingMaze/AmazingMaze.mkb --buildenv=VC12 --default-buildenv=vc12 --msvc-project
1>  Building project: d:/School/cs115/AmazingMaze/AmazingMaze.mkb
1>  done
1>  ARM Compiling(GCC) d:\School\cs115\AmazingMaze\AmazingMaze.cpp ...
1>  ARM Compiling(GCC) c:\marmalade\7.5\modules\iw2dscenegraph\source\Iw2DSceneGraph.cpp ...
1>  ARM Compiling(GCC) c:\marmalade\7.5\modules\iw2dscenegraphcore\source\Iw2DSceneGraphCore.cpp ...
1>  ARM Compiling(GCC) c:\marmalade\7.5\modules\iwtween\source\IwTween.cpp ...
1>  c:/marmalade/7.5/modules/iwtween/source/IwTween.cpp(23) [In file included from]
1>  c:/marmalade/7.5/modules/iwtween/h/IwTween.h( In member function 'IwTween) :CTween* IwTween::CTweenManager::Tween(float, ...)': (col )
1>  
1>c:/marmalade/7.5/modules/iwtween/h/IwTween.h(377): warning : 'tween.IwTween::CTween::m_ElapsedTime' may be used uninitialized in this function [-Wmaybe-uninitialized] (col 7)
1>  
1>  class CTween
1>  ^
1>  c:/marmalade/7.5/modules/iwtween/source/IwTween.cpp(234) : note: 'tween.IwTween::CTween::m_ElapsedTime' was declared here (col 12)
1>  
1>  CTween tween(spec);
1>  ^
1>  c:/marmalade/7.5/modules/iwtween/source/IwTween.cpp(23) [In file included from]
1>c:/marmalade/7.5/modules/iwtween/h/IwTween.h(377): warning : '*((void*)& tween +36)' may be used uninitialized in this function [-Wmaybe-uninitialized] (col 7)
1>  
1>  class CTween
1>  ^
1>  c:/marmalade/7.5/modules/iwtween/source/IwTween.cpp(234) : note: '*((void*)& tween +36)' was declared here (col 12)
1>  
1>  CTween tween(spec);
1>  ^
1>  c:/marmalade/7.5/modules/iwtween/source/IwTween.cpp(23) [In file included from]
1>c:/marmalade/7.5/modules/iwtween/h/IwTween.h(377): warning : '*((void*)& tween +37)' may be used uninitialized in this function [-Wmaybe-uninitialized] (col 7)
1>  
1>  class CTween
1>  ^
1>  c:/marmalade/7.5/modules/iwtween/source/IwTween.cpp(234) : note: '*((void*)& tween +37)' was declared here (col 12)
1>  
1>  CTween tween(spec);
1>  ^
1>  c:/marmalade/7.5/modules/iwtween/source/IwTween.cpp(23) [In file included from]
1>c:/marmalade/7.5/modules/iwtween/h/IwTween.h(377): warning : '*((void*)& tween +38)' may be used uninitialized in this function [-Wmaybe-uninitialized] (col 7)
1>  
1>  class CTween
1>  ^
1>  c:/marmalade/7.5/modules/iwtween/source/IwTween.cpp(234) : note: '*((void*)& tween +38)' was declared here (col 12)
1>  
1>  CTween tween(spec);
1>  ^
1>  c:/marmalade/7.5/modules/iwtween/source/IwTween.cpp(23) [In file included from]
1>c:/marmalade/7.5/modules/iwtween/h/IwTween.h(377): warning : '*((void*)& tween +39)' may be used uninitialized in this function [-Wmaybe-uninitialized] (col 7)
1>  
1>  class CTween
1>  ^
1>  c:/marmalade/7.5/modules/iwtween/source/IwTween.cpp(234) : note: '*((void*)& tween +39)' was declared here (col 12)
1>  
1>  CTween tween(spec);
1>  ^
1>  c:/marmalade/7.5/modules/iwtween/source/IwTween.cpp(23) [In file included from]
1>c:/marmalade/7.5/modules/iwtween/h/IwTween.h(377): warning : 'tween.IwTween::CTween::m_NumCycles' may be used uninitialized in this function [-Wmaybe-uninitialized] (col 7)
1>  
1>  class CTween
1>  ^
1>  c:/marmalade/7.5/modules/iwtween/source/IwTween.cpp(234) : note: 'tween.IwTween::CTween::m_NumCycles' was declared here (col 12)
1>  
1>  CTween tween(spec);
1>  ^
1>  c:/marmalade/7.5/modules/iwtween/source/IwTween.cpp(23) [In file included from]
1>c:/marmalade/7.5/modules/iwtween/h/IwTween.h(377): warning : 'tween.IwTween::CTween::m_List' may be used uninitialized in this function [-Wmaybe-uninitialized] (col 7)
1>  
1>  class CTween
1>  ^
1>  c:/marmalade/7.5/modules/iwtween/source/IwTween.cpp(234) : note: 'tween.IwTween::CTween::m_List' was declared here (col 12)
1>  
1>  CTween tween(spec);
1>  ^
1>  c:/marmalade/7.5/s3e/h/std/c++/stl/_alloc.h(68) [In file included from]
1>  c:/marmalade/7.5/s3e/h/std/c++/stl/_vector.h(40) [from]
1>  c:/marmalade/7.5/s3e/h/std/c++/vector(40) [from]
1>  c:/marmalade/7.5/modules/iwtween/h/IwTween.h(27) [from]
1>  c:/marmalade/7.5/modules/iwtween/source/IwTween.cpp(23) [from]
1>c:/marmalade/7.5/s3e/h/std/c++/stl/_construct.h(97): warning : 'value' may be used uninitialized in this function [-Wmaybe-uninitialized] (col 5)
1>  
1>  _STLP_PLACEMENT_NEW (__p) _T1(__val);
1>  ^
1>  c:/marmalade/7.5/modules/iwtween/source/IwTween.cpp(256) : note: 'value' was declared here (col 13)
1>  
1>  int value;
1>  ^
1>  ARM Compiling(GCC) d:\School\cs115\AmazingMaze\MazeDrawer.cpp ...
1>  ARM Compiling(GCC) d:\School\cs115\AmazingMaze\MazeGenerator.cpp ...
1>  ARM Compiling(GCC) c:\marmalade\7.5\extensions\pvrtextool\interface\PVRTexTool_interface.cpp ...
1>  ARM Compiling(GCC) d:\School\cs115\AmazingMaze\PlayerMovement.cpp ...
1>  ARM Compiling(GCC) d:\School\cs115\AmazingMaze\menu.cpp ...
1>  ARM Linking(GCC) ...
1>  AmazingMaze_vc12.vcxproj -> d:\School\cs115\AmazingMaze\build_amazingmaze_vc12\Release_AmazingMaze_vc12_gcc_arm\AmazingMaze.s3e
1>  C:\Marmalade\7.5\s3e\python\python.exe .\process_map.py "d:\School\cs115\AmazingMaze\build_amazingmaze_vc12\Release_AmazingMaze_vc12_gcc_arm\AmazingMaze.s3e"
========== Build: 1 succeeded, 0 failed, 0 up-to-date, 0 skipped ==========

