1>------ Build started: Project: AmazingMaze_vc12, Configuration: GCC MIPS Debug Win32 ------
1>  Performing Custom Build Tools
1>  msg: option 'default-buildenv' overridden by command line
1>  C:\Marmalade\7.5\s3e\makefile_builder\mkb.py d:/School/cs115/AmazingMaze/AmazingMaze.mkb --buildenv=VC12 --mips --default-buildenv=vc12 --msvc-project
1>  Building project: d:/School/cs115/AmazingMaze/AmazingMaze.mkb
1>  done
1>  MIPS Compiling(GCC) d:\School\cs115\AmazingMaze\AmazingMaze.cpp ...
1>  MIPS Compiling(GCC) c:\marmalade\7.5\modules\iw2dscenegraph\source\Iw2DSceneGraph.cpp ...
1>  MIPS Compiling(GCC) c:\marmalade\7.5\modules\iw2dscenegraphcore\source\Iw2DSceneGraphCore.cpp ...
1>  MIPS Compiling(GCC) c:\marmalade\7.5\modules\iwtween\source\IwTween.cpp ...
1>  MIPS Compiling(GCC) d:\School\cs115\AmazingMaze\MazeDrawer.cpp ...
1>  MIPS Compiling(GCC) d:\School\cs115\AmazingMaze\MazeGenerator.cpp ...
1>  MIPS Compiling(GCC) c:\marmalade\7.5\extensions\pvrtextool\interface\PVRTexTool_interface.cpp ...
1>  MIPS Compiling(GCC) d:\School\cs115\AmazingMaze\PlayerMovement.cpp ...
1>  MIPS Compiling(GCC) d:\School\cs115\AmazingMaze\menu.cpp ...
1>  MIPS Linking(GCC) ...
1>  opening input file for writing
1>  AmazingMaze_vc12.vcxproj -> d:\School\cs115\AmazingMaze\build_amazingmaze_vc12\Debug_AmazingMaze_vc12_gcc_mips\AmazingMaze.so
1>  C:\Marmalade\7.5\s3e\python\python.exe .\process_map.py "d:\School\cs115\AmazingMaze\build_amazingmaze_vc12\Debug_AmazingMaze_vc12_gcc_mips\AmazingMaze.so"
1>  "s3e_plink" -l "d:\School\cs115\AmazingMaze\build_amazingmaze_vc12\Debug_AmazingMaze_vc12_gcc_mips\AmazingMaze.so" 
========== Build: 1 succeeded, 0 failed, 0 up-to-date, 0 skipped ==========

