1>------ Build started: Project: AmazingMaze_vc12, Configuration: GCC ARM Debug Win32 ------
1>  Performing Custom Build Tools
1>  msg: option 'default-buildenv' overridden by command line
1>  C:\Marmalade\7.5\s3e\makefile_builder\mkb.py d:/School/cs115/AmazingMaze/AmazingMaze.mkb --buildenv=VC12 --default-buildenv=vc12 --msvc-project
1>  Building project: d:/School/cs115/AmazingMaze/AmazingMaze.mkb
1>  Visual studio files updated (dsp).
1>  -
1>CUSTOMBUILD : Deliberate error : please reload now.
1>  
1>  done
========== Build: 0 succeeded, 1 failed, 0 up-to-date, 0 skipped ==========

1>------ Build started: Project: AmazingMaze_vc12, Configuration: GCC ARM Debug Win32 ------
1>  Performing Custom Build Tools
1>  msg: option 'default-buildenv' overridden by command line
1>  C:\Marmalade\7.5\s3e\makefile_builder\mkb.py d:/School/cs115/AmazingMaze/AmazingMaze.mkb --buildenv=VC12 --default-buildenv=vc12 --msvc-project
1>  Building project: d:/School/cs115/AmazingMaze/AmazingMaze.mkb
1>  done
1>  ARM Compiling(GCC) d:\School\cs115\AmazingMaze\AmazingMaze.cpp ...
1>  ARM Compiling(GCC) c:\marmalade\7.5\modules\iw2dscenegraph\source\Iw2DSceneGraph.cpp ...
1>  ARM Compiling(GCC) c:\marmalade\7.5\modules\iw2dscenegraphcore\source\Iw2DSceneGraphCore.cpp ...
1>  ARM Compiling(GCC) c:\marmalade\7.5\modules\iwtween\source\IwTween.cpp ...
1>  ARM Compiling(GCC) d:\School\cs115\AmazingMaze\MazeDrawer.cpp ...
1>  ARM Compiling(GCC) d:\School\cs115\AmazingMaze\MazeGenerator.cpp ...
1>  ARM Compiling(GCC) c:\marmalade\7.5\extensions\pvrtextool\interface\PVRTexTool_interface.cpp ...
1>  ARM Linking(GCC) ...
1>  :Debug_AmazingMaze_vc12_gcc_arm/MazeDrawer.obj( In function `_STL) :_IosInit': (col )
1>  
1>  MazeDrawer.cpp:(.bss+0x8): multiple definition of `level'
1>  :Debug_AmazingMaze_vc12_gcc_arm/AmazingMaze.obj(c) :72: first defined here (col /marmalade/7.5/modules/iwgeom/h/IwGeomFVec2.h)
1>  
1>  :Debug_AmazingMaze_vc12_gcc_arm/MazeDrawer.obj( In function `_STL) :_IosInit': (col )
1>  
1>  MazeDrawer.cpp:(.bss+0x2a38): multiple definition of `MaxLevel'
1>  :Debug_AmazingMaze_vc12_gcc_arm/AmazingMaze.obj(AmazingMaze.cpp) : first defined here (col (.bss+0x2a38))
1>  
1>collect2.exe : error : ld returned 1 exit status
========== Build: 0 succeeded, 1 failed, 0 up-to-date, 0 skipped ==========

