1>------ Build started: Project: AmazingMaze_vc12, Configuration: x86 Debug Win32 ------
1>  Performing Custom Build Tools
1>  msg: option 'default-buildenv' overridden by command line
1>  C:\Marmalade\7.5\s3e\makefile_builder\mkb.py d:/School/cs115/AmazingMaze/AmazingMaze.mkb --buildenv=VC12 --default-buildenv=vc12 --msvc-project
1>  Building project: d:/School/cs115/AmazingMaze/AmazingMaze.mkb
1>  done
1>  AmazingMaze.cpp
1>d:\school\cs115\amazingmaze\amazingmaze.cpp(52): warning C4244: 'argument' : conversion from 'int' to 'float', possible loss of data
1>d:\school\cs115\amazingmaze\amazingmaze.cpp(53): warning C4244: 'argument' : conversion from 'int' to 'float', possible loss of data
1>d:\school\cs115\amazingmaze\amazingmaze.cpp(54): warning C4244: 'argument' : conversion from 'int' to 'float', possible loss of data
1>d:\school\cs115\amazingmaze\amazingmaze.cpp(56): warning C4244: 'argument' : conversion from 'double' to 'float', possible loss of data
1>d:\school\cs115\amazingmaze\amazingmaze.cpp(58): warning C4244: 'argument' : conversion from 'int' to 'float', possible loss of data
1>d:\school\cs115\amazingmaze\amazingmaze.cpp(59): warning C4244: 'argument' : conversion from 'int' to 'float', possible loss of data
1>d:\school\cs115\amazingmaze\amazingmaze.cpp(60): warning C4244: 'argument' : conversion from 'int' to 'float', possible loss of data
1>d:\school\cs115\amazingmaze\amazingmaze.cpp(61): warning C4244: 'argument' : conversion from 'double' to 'float', possible loss of data
1>d:\school\cs115\amazingmaze\amazingmaze.cpp(62): warning C4244: 'argument' : conversion from 'double' to 'float', possible loss of data
1>d:\school\cs115\amazingmaze\amazingmaze.cpp(65): warning C4244: 'argument' : conversion from 'int' to 'float', possible loss of data
1>d:\school\cs115\amazingmaze\amazingmaze.cpp(66): warning C4244: 'argument' : conversion from 'int' to 'float', possible loss of data
1>d:\school\cs115\amazingmaze\amazingmaze.cpp(67): warning C4244: 'argument' : conversion from 'int' to 'float', possible loss of data
1>d:\school\cs115\amazingmaze\amazingmaze.cpp(68): warning C4244: 'argument' : conversion from 'double' to 'float', possible loss of data
1>d:\school\cs115\amazingmaze\amazingmaze.cpp(69): warning C4244: 'argument' : conversion from 'double' to 'float', possible loss of data
1>d:\school\cs115\amazingmaze\amazingmaze.cpp(70): warning C4244: 'argument' : conversion from 'double' to 'float', possible loss of data
1>d:\school\cs115\amazingmaze\amazingmaze.cpp(72): warning C4244: 'argument' : conversion from 'int' to 'float', possible loss of data
1>d:\school\cs115\amazingmaze\amazingmaze.cpp(73): warning C4244: 'argument' : conversion from 'int' to 'float', possible loss of data
1>d:\school\cs115\amazingmaze\amazingmaze.cpp(74): warning C4244: 'argument' : conversion from 'int' to 'float', possible loss of data
1>d:\school\cs115\amazingmaze\amazingmaze.cpp(79): warning C4244: 'argument' : conversion from 'int' to 'float', possible loss of data
1>d:\school\cs115\amazingmaze\amazingmaze.cpp(79): warning C4305: 'argument' : truncation from 'double' to 'float'
1>d:\school\cs115\amazingmaze\amazingmaze.cpp(80): warning C4244: 'argument' : conversion from 'int' to 'float', possible loss of data
1>d:\school\cs115\amazingmaze\amazingmaze.cpp(80): warning C4305: 'argument' : truncation from 'double' to 'float'
1>d:\school\cs115\amazingmaze\amazingmaze.cpp(81): warning C4244: 'argument' : conversion from 'int' to 'float', possible loss of data
1>d:\school\cs115\amazingmaze\amazingmaze.cpp(81): warning C4305: 'argument' : truncation from 'double' to 'float'
1>d:\school\cs115\amazingmaze\amazingmaze.cpp(84): warning C4244: 'argument' : conversion from 'int' to 'float', possible loss of data
1>d:\school\cs115\amazingmaze\amazingmaze.cpp(84): warning C4305: 'argument' : truncation from 'double' to 'float'
1>d:\school\cs115\amazingmaze\amazingmaze.cpp(85): warning C4244: 'argument' : conversion from 'int' to 'float', possible loss of data
1>d:\school\cs115\amazingmaze\amazingmaze.cpp(85): warning C4305: 'argument' : truncation from 'double' to 'float'
1>d:\school\cs115\amazingmaze\amazingmaze.cpp(86): warning C4244: 'argument' : conversion from 'int' to 'float', possible loss of data
1>d:\school\cs115\amazingmaze\amazingmaze.cpp(86): warning C4305: 'argument' : truncation from 'double' to 'float'
1>d:\school\cs115\amazingmaze\amazingmaze.cpp(88): warning C4244: 'argument' : conversion from 'int' to 'float', possible loss of data
1>d:\school\cs115\amazingmaze\amazingmaze.cpp(88): warning C4305: 'argument' : truncation from 'double' to 'float'
1>d:\school\cs115\amazingmaze\amazingmaze.cpp(89): warning C4244: 'argument' : conversion from 'int' to 'float', possible loss of data
1>d:\school\cs115\amazingmaze\amazingmaze.cpp(89): warning C4305: 'argument' : truncation from 'double' to 'float'
1>d:\school\cs115\amazingmaze\amazingmaze.cpp(90): warning C4244: 'argument' : conversion from 'int' to 'float', possible loss of data
1>d:\school\cs115\amazingmaze\amazingmaze.cpp(90): warning C4305: 'argument' : truncation from 'double' to 'float'
1>d:\school\cs115\amazingmaze\amazingmaze.cpp(92): warning C4244: 'argument' : conversion from 'int' to 'float', possible loss of data
1>d:\school\cs115\amazingmaze\amazingmaze.cpp(92): warning C4305: 'argument' : truncation from 'double' to 'float'
1>d:\school\cs115\amazingmaze\amazingmaze.cpp(93): warning C4244: 'argument' : conversion from 'int' to 'float', possible loss of data
1>d:\school\cs115\amazingmaze\amazingmaze.cpp(93): warning C4305: 'argument' : truncation from 'double' to 'float'
1>d:\school\cs115\amazingmaze\amazingmaze.cpp(94): warning C4244: 'argument' : conversion from 'int' to 'float', possible loss of data
1>d:\school\cs115\amazingmaze\amazingmaze.cpp(94): warning C4305: 'argument' : truncation from 'double' to 'float'
1>d:\school\cs115\amazingmaze\amazingmaze.cpp(96): warning C4244: 'argument' : conversion from 'int' to 'float', possible loss of data
1>d:\school\cs115\amazingmaze\amazingmaze.cpp(96): warning C4305: 'argument' : truncation from 'double' to 'float'
1>d:\school\cs115\amazingmaze\amazingmaze.cpp(97): warning C4244: 'argument' : conversion from 'int' to 'float', possible loss of data
1>d:\school\cs115\amazingmaze\amazingmaze.cpp(97): warning C4305: 'argument' : truncation from 'double' to 'float'
1>d:\school\cs115\amazingmaze\amazingmaze.cpp(98): warning C4244: 'argument' : conversion from 'int' to 'float', possible loss of data
1>d:\school\cs115\amazingmaze\amazingmaze.cpp(98): warning C4305: 'argument' : truncation from 'double' to 'float'
1>d:\school\cs115\amazingmaze\amazingmaze.cpp(100): warning C4244: 'argument' : conversion from 'int' to 'float', possible loss of data
1>d:\school\cs115\amazingmaze\amazingmaze.cpp(100): warning C4305: 'argument' : truncation from 'double' to 'float'
1>d:\school\cs115\amazingmaze\amazingmaze.cpp(101): warning C4244: 'argument' : conversion from 'int' to 'float', possible loss of data
1>d:\school\cs115\amazingmaze\amazingmaze.cpp(101): warning C4305: 'argument' : truncation from 'double' to 'float'
1>d:\school\cs115\amazingmaze\amazingmaze.cpp(102): warning C4244: 'argument' : conversion from 'int' to 'float', possible loss of data
1>d:\school\cs115\amazingmaze\amazingmaze.cpp(102): warning C4305: 'argument' : truncation from 'double' to 'float'
1>d:\school\cs115\amazingmaze\amazingmaze.cpp(104): warning C4244: 'argument' : conversion from 'int' to 'float', possible loss of data
1>d:\school\cs115\amazingmaze\amazingmaze.cpp(104): warning C4305: 'argument' : truncation from 'double' to 'float'
1>d:\school\cs115\amazingmaze\amazingmaze.cpp(105): warning C4244: 'argument' : conversion from 'int' to 'float', possible loss of data
1>d:\school\cs115\amazingmaze\amazingmaze.cpp(105): warning C4305: 'argument' : truncation from 'double' to 'float'
1>d:\school\cs115\amazingmaze\amazingmaze.cpp(106): warning C4244: 'argument' : conversion from 'int' to 'float', possible loss of data
1>d:\school\cs115\amazingmaze\amazingmaze.cpp(106): warning C4305: 'argument' : truncation from 'double' to 'float'
1>d:\school\cs115\amazingmaze\amazingmaze.cpp(112): error C2065: 'Iw2Dget' : undeclared identifier
1>d:\school\cs115\amazingmaze\amazingmaze.cpp(112): error C2146: syntax error : missing ';' before identifier 'Iw2DSurfaceShow'
========== Build: 0 succeeded, 1 failed, 0 up-to-date, 0 skipped ==========

